=N:[UVMSource] Using sources from '/home/ismael/metrics-ca/dsim/20240422.0.0/uvm/1.2'
=N:[UsageMeter (2024-06-20 11:55:54 -0600)] Using /etc/ssl/certs as location of CA certificates to verify license server.
=N:[UsageMeter (2024-06-20 11:55:56 -0600)] usage server initial connection
=N:[License] 
Licensed for Metrics Design Automation.
=N:[License] New lease granted.
Analyzing...
Elaborating...
  Top-level modules:
    $unit
    top_hvl
=W:[IneffectiveDynamicCast]:
    The following dynamic $cast cases will always be false    

    /home/ismael/metrics-ca/dsim/20240422.0.0/uvm/1.2/src/base/uvm_callback.svh:521:9              class uvm_pkg::uvm_callbacks#(class uvm_pkg::uvm_phase,class uvm_pkg::uvm_phase_cb)    class uvm_pkg::uvm_callbacks#(class uvm_pkg::uvm_phase,class uvm_pkg::uvm_callback)    
    Included from /home/ismael/metrics-ca/dsim/20240422.0.0/uvm/1.2/src/base/uvm_base.svh:76:12                                                                                                                                                                                  
    Included from /home/ismael/metrics-ca/dsim/20240422.0.0/uvm/1.2/src/uvm_pkg.sv:31:12                                                                                                                                                                                         

    /home/ismael/metrics-ca/dsim/20240422.0.0/uvm/1.2/src/base/uvm_callback.svh:671:12             class uvm_pkg::uvm_phase                                                               class uvm_pkg::uvm_report_object                                                       
    Included from /home/ismael/metrics-ca/dsim/20240422.0.0/uvm/1.2/src/base/uvm_base.svh:76:12                                                                                                                                                                                  

    /home/ismael/metrics-ca/dsim/20240422.0.0/uvm/1.2/src/base/uvm_callback.svh:731:10             class uvm_pkg::uvm_component                                                           class uvm_pkg::uvm_phase                                                               
    Included from /home/ismael/metrics-ca/dsim/20240422.0.0/uvm/1.2/src/base/uvm_base.svh:76:12                                                                                                                                                                                  

    /home/ismael/metrics-ca/dsim/20240422.0.0/uvm/1.2/src/base/uvm_callback.svh:808:10             class uvm_pkg::uvm_component                                                           class uvm_pkg::uvm_phase                                                               
    Included from /home/ismael/metrics-ca/dsim/20240422.0.0/uvm/1.2/src/base/uvm_base.svh:76:12                                                                                                                                                                                  

  Found 4 unique specialization(s) of 4 design element(s).
Optimizing...
Building models...
PLI/VPI access: +b 
Simulation time precision is 1ps.
Linking image.so...
Using default typical min/typ/max.
=S:Begin run-time elaboration and static initialization...
UVM_INFO /home/ismael/metrics-ca/dsim/20240422.0.0/uvm/1.2/src/base/uvm_root.svh(392) @ 0: reporter [UVM/RELNOTES] 
----------------------------------------------------------------
UVM-1.2
(C) 2007-2014 Mentor Graphics Corporation
(C) 2007-2014 Cadence Design Systems, Inc.
(C) 2006-2014 Synopsys, Inc.
(C) 2011-2013 Cypress Semiconductor Corp.
(C) 2013-2014 NVIDIA Corporation
----------------------------------------------------------------

  ***********       IMPORTANT RELEASE NOTES         ************

  You are using a version of the UVM library that has been compiled
  with `UVM_NO_DEPRECATED undefined.
  See http://www.eda.org/svdb/view.php?id=3313 for more details.

  You are using a version of the UVM library that has been compiled
  with `UVM_OBJECT_DO_NOT_NEED_CONSTRUCTOR undefined.
  See http://www.eda.org/svdb/view.php?id=3770 for more details.

      (Specify +UVM_NO_RELNOTES to turn off this notice)

=N:[dumpMXD] preparing MXD dump to 'waves.mxd'.
=N:[dump] Dump started at time 0
=N:Starting event scheduler...
UVM_WARNING @ 0: reporter [BDTYP] Cannot create a component of type 'test_1.sv' because it is not registered with the factory.
UVM_FATAL @ 0: reporter [INVTST] Requested test from command line +UVM_TESTNAME=test_1.sv not found.
UVM_INFO /home/ismael/metrics-ca/dsim/20240422.0.0/uvm/1.2/src/base/uvm_report_server.svh(847) @ 0: reporter [UVM/REPORT/SERVER] 
--- UVM Report Summary ---

** Report counts by severity
UVM_INFO :    1
UVM_WARNING :    1
UVM_ERROR :    0
UVM_FATAL :    1
** Report counts by id
[BDTYP]     1
[INVTST]     1
[UVM/RELNOTES]     1

=N:[dumpMXD] closing MXD dump
=T:Simulation terminated by $finish at time 0 (/home/ismael/metrics-ca/dsim/20240422.0.0/uvm/1.2/src/base/uvm_root.svh:135);
Run directory: /home/ismael/Progra/Verificacion/ie0621/Proyecto2/sim
  System timescale is 1ps / 1ps
  Metrics DSim version: 20240422.0.0 (b:R #c:0 h:d894f4c124 os:ubuntu_22.04)
  Random seed: (defaulted to 1)
